CRITICAL - 2021-07-18 09:18:33 --> The framework needs the following extension(s) installed and loaded: intl.
#0 C:\Users\ASUS\Downloads\Compressed\framework-4.1.3\framework-4.1.3\system\CodeIgniter.php(228): CodeIgniter\Exceptions\FrameworkException::forMissingExtension('intl')
#1 C:\Users\ASUS\Downloads\Compressed\framework-4.1.3\framework-4.1.3\system\CodeIgniter.php(180): CodeIgniter\CodeIgniter->resolvePlatformExtensions()
#2 C:\Users\ASUS\Downloads\Compressed\framework-4.1.3\framework-4.1.3\system\bootstrap.php(157): CodeIgniter\CodeIgniter->initialize()
#3 C:\Users\ASUS\Downloads\Compressed\framework-4.1.3\framework-4.1.3\spark(46): require('C:\\Users\\ASUS\\D...')
#4 {main}
CRITICAL - 2021-07-18 04:36:43 --> Invalid file: data/index.php
#0 C:\Users\ASUS\Downloads\Compressed\framework-4.1.3\framework-4.1.3\system\View\View.php(213): CodeIgniter\Exceptions\FrameworkException::forInvalidFile('data/index.php')
#1 C:\Users\ASUS\Downloads\Compressed\framework-4.1.3\framework-4.1.3\system\Common.php(1271): CodeIgniter\View\View->render('data/index', Array, true)
#2 C:\Users\ASUS\Downloads\Compressed\framework-4.1.3\framework-4.1.3\app\Controllers\Data.php(9): view('data/index')
#3 C:\Users\ASUS\Downloads\Compressed\framework-4.1.3\framework-4.1.3\system\CodeIgniter.php(928): App\Controllers\Data->index()
#4 C:\Users\ASUS\Downloads\Compressed\framework-4.1.3\framework-4.1.3\system\CodeIgniter.php(436): CodeIgniter\CodeIgniter->runController(Object(App\Controllers\Data))
#5 C:\Users\ASUS\Downloads\Compressed\framework-4.1.3\framework-4.1.3\system\CodeIgniter.php(336): CodeIgniter\CodeIgniter->handleRequest(NULL, Object(Config\Cache), false)
#6 C:\Users\ASUS\Downloads\Compressed\framework-4.1.3\framework-4.1.3\public\index.php(37): CodeIgniter\CodeIgniter->run()
#7 C:\Users\ASUS\Downloads\Compressed\framework-4.1.3\framework-4.1.3\system\Commands\Server\rewrite.php(45): require_once('C:\\Users\\ASUS\\D...')
#8 {main}
CRITICAL - 2021-07-18 04:37:31 --> Invalid file: data/index.php
#0 C:\Users\ASUS\Downloads\Compressed\framework-4.1.3\framework-4.1.3\system\View\View.php(213): CodeIgniter\Exceptions\FrameworkException::forInvalidFile('data/index.php')
#1 C:\Users\ASUS\Downloads\Compressed\framework-4.1.3\framework-4.1.3\system\Common.php(1271): CodeIgniter\View\View->render('data/index', Array, true)
#2 C:\Users\ASUS\Downloads\Compressed\framework-4.1.3\framework-4.1.3\app\Controllers\Data.php(9): view('data/index')
#3 C:\Users\ASUS\Downloads\Compressed\framework-4.1.3\framework-4.1.3\system\CodeIgniter.php(928): App\Controllers\Data->index()
#4 C:\Users\ASUS\Downloads\Compressed\framework-4.1.3\framework-4.1.3\system\CodeIgniter.php(436): CodeIgniter\CodeIgniter->runController(Object(App\Controllers\Data))
#5 C:\Users\ASUS\Downloads\Compressed\framework-4.1.3\framework-4.1.3\system\CodeIgniter.php(336): CodeIgniter\CodeIgniter->handleRequest(NULL, Object(Config\Cache), false)
#6 C:\Users\ASUS\Downloads\Compressed\framework-4.1.3\framework-4.1.3\public\index.php(37): CodeIgniter\CodeIgniter->run()
#7 C:\Users\ASUS\Downloads\Compressed\framework-4.1.3\framework-4.1.3\system\Commands\Server\rewrite.php(45): require_once('C:\\Users\\ASUS\\D...')
#8 {main}
CRITICAL - 2021-07-18 04:37:36 --> Invalid file: data/index.php
#0 C:\Users\ASUS\Downloads\Compressed\framework-4.1.3\framework-4.1.3\system\View\View.php(213): CodeIgniter\Exceptions\FrameworkException::forInvalidFile('data/index.php')
#1 C:\Users\ASUS\Downloads\Compressed\framework-4.1.3\framework-4.1.3\system\Common.php(1271): CodeIgniter\View\View->render('data/index', Array, true)
#2 C:\Users\ASUS\Downloads\Compressed\framework-4.1.3\framework-4.1.3\app\Controllers\Data.php(9): view('data/index')
#3 C:\Users\ASUS\Downloads\Compressed\framework-4.1.3\framework-4.1.3\system\CodeIgniter.php(928): App\Controllers\Data->index()
#4 C:\Users\ASUS\Downloads\Compressed\framework-4.1.3\framework-4.1.3\system\CodeIgniter.php(436): CodeIgniter\CodeIgniter->runController(Object(App\Controllers\Data))
#5 C:\Users\ASUS\Downloads\Compressed\framework-4.1.3\framework-4.1.3\system\CodeIgniter.php(336): CodeIgniter\CodeIgniter->handleRequest(NULL, Object(Config\Cache), false)
#6 C:\Users\ASUS\Downloads\Compressed\framework-4.1.3\framework-4.1.3\public\index.php(37): CodeIgniter\CodeIgniter->run()
#7 C:\Users\ASUS\Downloads\Compressed\framework-4.1.3\framework-4.1.3\system\Commands\Server\rewrite.php(45): require_once('C:\\Users\\ASUS\\D...')
#8 {main}
CRITICAL - 2021-07-18 07:45:07 --> Invalid file: Views/template/header/sidebar.php
#0 C:\Users\ASUS\Downloads\Compressed\framework-4.1.3\framework-4.1.3\system\View\View.php(213): CodeIgniter\Exceptions\FrameworkException::forInvalidFile('Views/template/...')
#1 C:\Users\ASUS\Downloads\Compressed\framework-4.1.3\framework-4.1.3\system\View\View.php(487): CodeIgniter\View\View->render('Views/template/...', NULL, true)
#2 C:\Users\ASUS\Downloads\Compressed\framework-4.1.3\framework-4.1.3\app\Views\template\sidebar.php(1): CodeIgniter\View\View->include('Views/template/...')
#3 C:\Users\ASUS\Downloads\Compressed\framework-4.1.3\framework-4.1.3\system\View\View.php(230): include('C:\\Users\\ASUS\\D...')
#4 C:\Users\ASUS\Downloads\Compressed\framework-4.1.3\framework-4.1.3\system\View\View.php(232): CodeIgniter\View\View->CodeIgniter\View\{closure}()
#5 C:\Users\ASUS\Downloads\Compressed\framework-4.1.3\framework-4.1.3\system\View\View.php(487): CodeIgniter\View\View->render('Views/template/...', NULL, true)
#6 C:\Users\ASUS\Downloads\Compressed\framework-4.1.3\framework-4.1.3\app\Views\chat\index.php(13): CodeIgniter\View\View->include('Views/template/...')
#7 C:\Users\ASUS\Downloads\Compressed\framework-4.1.3\framework-4.1.3\system\View\View.php(230): include('C:\\Users\\ASUS\\D...')
#8 C:\Users\ASUS\Downloads\Compressed\framework-4.1.3\framework-4.1.3\system\View\View.php(232): CodeIgniter\View\View->CodeIgniter\View\{closure}()
#9 C:\Users\ASUS\Downloads\Compressed\framework-4.1.3\framework-4.1.3\system\Common.php(1271): CodeIgniter\View\View->render('chat/index', Array, true)
#10 C:\Users\ASUS\Downloads\Compressed\framework-4.1.3\framework-4.1.3\app\Controllers\Chat.php(9): view('chat/index')
#11 C:\Users\ASUS\Downloads\Compressed\framework-4.1.3\framework-4.1.3\system\CodeIgniter.php(928): App\Controllers\Chat->index()
#12 C:\Users\ASUS\Downloads\Compressed\framework-4.1.3\framework-4.1.3\system\CodeIgniter.php(436): CodeIgniter\CodeIgniter->runController(Object(App\Controllers\Chat))
#13 C:\Users\ASUS\Downloads\Compressed\framework-4.1.3\framework-4.1.3\system\CodeIgniter.php(336): CodeIgniter\CodeIgniter->handleRequest(NULL, Object(Config\Cache), false)
#14 C:\Users\ASUS\Downloads\Compressed\framework-4.1.3\framework-4.1.3\public\index.php(37): CodeIgniter\CodeIgniter->run()
#15 C:\Users\ASUS\Downloads\Compressed\framework-4.1.3\framework-4.1.3\system\Commands\Server\rewrite.php(45): require_once('C:\\Users\\ASUS\\D...')
#16 {main}
CRITICAL - 2021-07-18 07:50:43 --> Invalid file: Views/template/header/sidebar.php
#0 C:\Users\ASUS\Downloads\Compressed\framework-4.1.3\framework-4.1.3\system\View\View.php(213): CodeIgniter\Exceptions\FrameworkException::forInvalidFile('Views/template/...')
#1 C:\Users\ASUS\Downloads\Compressed\framework-4.1.3\framework-4.1.3\system\View\View.php(487): CodeIgniter\View\View->render('Views/template/...', NULL, true)
#2 C:\Users\ASUS\Downloads\Compressed\framework-4.1.3\framework-4.1.3\app\Views\template\sidebar.php(1): CodeIgniter\View\View->include('Views/template/...')
#3 C:\Users\ASUS\Downloads\Compressed\framework-4.1.3\framework-4.1.3\system\View\View.php(230): include('C:\\Users\\ASUS\\D...')
#4 C:\Users\ASUS\Downloads\Compressed\framework-4.1.3\framework-4.1.3\system\View\View.php(232): CodeIgniter\View\View->CodeIgniter\View\{closure}()
#5 C:\Users\ASUS\Downloads\Compressed\framework-4.1.3\framework-4.1.3\system\View\View.php(487): CodeIgniter\View\View->render('Views/template/...', NULL, true)
#6 C:\Users\ASUS\Downloads\Compressed\framework-4.1.3\framework-4.1.3\app\Views\chat\index.php(13): CodeIgniter\View\View->include('Views/template/...')
#7 C:\Users\ASUS\Downloads\Compressed\framework-4.1.3\framework-4.1.3\system\View\View.php(230): include('C:\\Users\\ASUS\\D...')
#8 C:\Users\ASUS\Downloads\Compressed\framework-4.1.3\framework-4.1.3\system\View\View.php(232): CodeIgniter\View\View->CodeIgniter\View\{closure}()
#9 C:\Users\ASUS\Downloads\Compressed\framework-4.1.3\framework-4.1.3\system\Common.php(1271): CodeIgniter\View\View->render('chat/index', Array, true)
#10 C:\Users\ASUS\Downloads\Compressed\framework-4.1.3\framework-4.1.3\app\Controllers\Chat.php(9): view('chat/index')
#11 C:\Users\ASUS\Downloads\Compressed\framework-4.1.3\framework-4.1.3\system\CodeIgniter.php(928): App\Controllers\Chat->index()
#12 C:\Users\ASUS\Downloads\Compressed\framework-4.1.3\framework-4.1.3\system\CodeIgniter.php(436): CodeIgniter\CodeIgniter->runController(Object(App\Controllers\Chat))
#13 C:\Users\ASUS\Downloads\Compressed\framework-4.1.3\framework-4.1.3\system\CodeIgniter.php(336): CodeIgniter\CodeIgniter->handleRequest(NULL, Object(Config\Cache), false)
#14 C:\Users\ASUS\Downloads\Compressed\framework-4.1.3\framework-4.1.3\public\index.php(37): CodeIgniter\CodeIgniter->run()
#15 C:\Users\ASUS\Downloads\Compressed\framework-4.1.3\framework-4.1.3\system\Commands\Server\rewrite.php(45): require_once('C:\\Users\\ASUS\\D...')
#16 {main}
CRITICAL - 2021-07-18 07:50:45 --> Invalid file: Views/template/header/sidebar.php
#0 C:\Users\ASUS\Downloads\Compressed\framework-4.1.3\framework-4.1.3\system\View\View.php(213): CodeIgniter\Exceptions\FrameworkException::forInvalidFile('Views/template/...')
#1 C:\Users\ASUS\Downloads\Compressed\framework-4.1.3\framework-4.1.3\system\View\View.php(487): CodeIgniter\View\View->render('Views/template/...', NULL, true)
#2 C:\Users\ASUS\Downloads\Compressed\framework-4.1.3\framework-4.1.3\app\Views\template\sidebar.php(1): CodeIgniter\View\View->include('Views/template/...')
#3 C:\Users\ASUS\Downloads\Compressed\framework-4.1.3\framework-4.1.3\system\View\View.php(230): include('C:\\Users\\ASUS\\D...')
#4 C:\Users\ASUS\Downloads\Compressed\framework-4.1.3\framework-4.1.3\system\View\View.php(232): CodeIgniter\View\View->CodeIgniter\View\{closure}()
#5 C:\Users\ASUS\Downloads\Compressed\framework-4.1.3\framework-4.1.3\system\View\View.php(487): CodeIgniter\View\View->render('Views/template/...', NULL, true)
#6 C:\Users\ASUS\Downloads\Compressed\framework-4.1.3\framework-4.1.3\app\Views\chat\index.php(13): CodeIgniter\View\View->include('Views/template/...')
#7 C:\Users\ASUS\Downloads\Compressed\framework-4.1.3\framework-4.1.3\system\View\View.php(230): include('C:\\Users\\ASUS\\D...')
#8 C:\Users\ASUS\Downloads\Compressed\framework-4.1.3\framework-4.1.3\system\View\View.php(232): CodeIgniter\View\View->CodeIgniter\View\{closure}()
#9 C:\Users\ASUS\Downloads\Compressed\framework-4.1.3\framework-4.1.3\system\Common.php(1271): CodeIgniter\View\View->render('chat/index', Array, true)
#10 C:\Users\ASUS\Downloads\Compressed\framework-4.1.3\framework-4.1.3\app\Controllers\Chat.php(9): view('chat/index')
#11 C:\Users\ASUS\Downloads\Compressed\framework-4.1.3\framework-4.1.3\system\CodeIgniter.php(928): App\Controllers\Chat->index()
#12 C:\Users\ASUS\Downloads\Compressed\framework-4.1.3\framework-4.1.3\system\CodeIgniter.php(436): CodeIgniter\CodeIgniter->runController(Object(App\Controllers\Chat))
#13 C:\Users\ASUS\Downloads\Compressed\framework-4.1.3\framework-4.1.3\system\CodeIgniter.php(336): CodeIgniter\CodeIgniter->handleRequest(NULL, Object(Config\Cache), false)
#14 C:\Users\ASUS\Downloads\Compressed\framework-4.1.3\framework-4.1.3\public\index.php(37): CodeIgniter\CodeIgniter->run()
#15 C:\Users\ASUS\Downloads\Compressed\framework-4.1.3\framework-4.1.3\system\Commands\Server\rewrite.php(45): require_once('C:\\Users\\ASUS\\D...')
#16 {main}
CRITICAL - 2021-07-18 07:50:50 --> Invalid file: Views/template/header/sidebar.php
#0 C:\Users\ASUS\Downloads\Compressed\framework-4.1.3\framework-4.1.3\system\View\View.php(213): CodeIgniter\Exceptions\FrameworkException::forInvalidFile('Views/template/...')
#1 C:\Users\ASUS\Downloads\Compressed\framework-4.1.3\framework-4.1.3\system\View\View.php(487): CodeIgniter\View\View->render('Views/template/...', NULL, true)
#2 C:\Users\ASUS\Downloads\Compressed\framework-4.1.3\framework-4.1.3\app\Views\template\sidebar.php(1): CodeIgniter\View\View->include('Views/template/...')
#3 C:\Users\ASUS\Downloads\Compressed\framework-4.1.3\framework-4.1.3\system\View\View.php(230): include('C:\\Users\\ASUS\\D...')
#4 C:\Users\ASUS\Downloads\Compressed\framework-4.1.3\framework-4.1.3\system\View\View.php(232): CodeIgniter\View\View->CodeIgniter\View\{closure}()
#5 C:\Users\ASUS\Downloads\Compressed\framework-4.1.3\framework-4.1.3\system\View\View.php(487): CodeIgniter\View\View->render('Views/template/...', NULL, true)
#6 C:\Users\ASUS\Downloads\Compressed\framework-4.1.3\framework-4.1.3\app\Views\chat\index.php(13): CodeIgniter\View\View->include('Views/template/...')
#7 C:\Users\ASUS\Downloads\Compressed\framework-4.1.3\framework-4.1.3\system\View\View.php(230): include('C:\\Users\\ASUS\\D...')
#8 C:\Users\ASUS\Downloads\Compressed\framework-4.1.3\framework-4.1.3\system\View\View.php(232): CodeIgniter\View\View->CodeIgniter\View\{closure}()
#9 C:\Users\ASUS\Downloads\Compressed\framework-4.1.3\framework-4.1.3\system\Common.php(1271): CodeIgniter\View\View->render('chat/index', Array, true)
#10 C:\Users\ASUS\Downloads\Compressed\framework-4.1.3\framework-4.1.3\app\Controllers\Chat.php(9): view('chat/index')
#11 C:\Users\ASUS\Downloads\Compressed\framework-4.1.3\framework-4.1.3\system\CodeIgniter.php(928): App\Controllers\Chat->index()
#12 C:\Users\ASUS\Downloads\Compressed\framework-4.1.3\framework-4.1.3\system\CodeIgniter.php(436): CodeIgniter\CodeIgniter->runController(Object(App\Controllers\Chat))
#13 C:\Users\ASUS\Downloads\Compressed\framework-4.1.3\framework-4.1.3\system\CodeIgniter.php(336): CodeIgniter\CodeIgniter->handleRequest(NULL, Object(Config\Cache), false)
#14 C:\Users\ASUS\Downloads\Compressed\framework-4.1.3\framework-4.1.3\public\index.php(37): CodeIgniter\CodeIgniter->run()
#15 C:\Users\ASUS\Downloads\Compressed\framework-4.1.3\framework-4.1.3\system\Commands\Server\rewrite.php(45): require_once('C:\\Users\\ASUS\\D...')
#16 {main}
CRITICAL - 2021-07-18 07:50:52 --> Invalid file: Views/template/header/sidebar.php
#0 C:\Users\ASUS\Downloads\Compressed\framework-4.1.3\framework-4.1.3\system\View\View.php(213): CodeIgniter\Exceptions\FrameworkException::forInvalidFile('Views/template/...')
#1 C:\Users\ASUS\Downloads\Compressed\framework-4.1.3\framework-4.1.3\system\View\View.php(487): CodeIgniter\View\View->render('Views/template/...', NULL, true)
#2 C:\Users\ASUS\Downloads\Compressed\framework-4.1.3\framework-4.1.3\app\Views\template\sidebar.php(1): CodeIgniter\View\View->include('Views/template/...')
#3 C:\Users\ASUS\Downloads\Compressed\framework-4.1.3\framework-4.1.3\system\View\View.php(230): include('C:\\Users\\ASUS\\D...')
#4 C:\Users\ASUS\Downloads\Compressed\framework-4.1.3\framework-4.1.3\system\View\View.php(232): CodeIgniter\View\View->CodeIgniter\View\{closure}()
#5 C:\Users\ASUS\Downloads\Compressed\framework-4.1.3\framework-4.1.3\system\View\View.php(487): CodeIgniter\View\View->render('Views/template/...', NULL, true)
#6 C:\Users\ASUS\Downloads\Compressed\framework-4.1.3\framework-4.1.3\app\Views\data\user.php(13): CodeIgniter\View\View->include('Views/template/...')
#7 C:\Users\ASUS\Downloads\Compressed\framework-4.1.3\framework-4.1.3\system\View\View.php(230): include('C:\\Users\\ASUS\\D...')
#8 C:\Users\ASUS\Downloads\Compressed\framework-4.1.3\framework-4.1.3\system\View\View.php(232): CodeIgniter\View\View->CodeIgniter\View\{closure}()
#9 C:\Users\ASUS\Downloads\Compressed\framework-4.1.3\framework-4.1.3\system\Common.php(1271): CodeIgniter\View\View->render('data/user', Array, true)
#10 C:\Users\ASUS\Downloads\Compressed\framework-4.1.3\framework-4.1.3\app\Controllers\Data.php(9): view('data/user')
#11 C:\Users\ASUS\Downloads\Compressed\framework-4.1.3\framework-4.1.3\system\CodeIgniter.php(928): App\Controllers\Data->index()
#12 C:\Users\ASUS\Downloads\Compressed\framework-4.1.3\framework-4.1.3\system\CodeIgniter.php(436): CodeIgniter\CodeIgniter->runController(Object(App\Controllers\Data))
#13 C:\Users\ASUS\Downloads\Compressed\framework-4.1.3\framework-4.1.3\system\CodeIgniter.php(336): CodeIgniter\CodeIgniter->handleRequest(NULL, Object(Config\Cache), false)
#14 C:\Users\ASUS\Downloads\Compressed\framework-4.1.3\framework-4.1.3\public\index.php(37): CodeIgniter\CodeIgniter->run()
#15 C:\Users\ASUS\Downloads\Compressed\framework-4.1.3\framework-4.1.3\system\Commands\Server\rewrite.php(45): require_once('C:\\Users\\ASUS\\D...')
#16 {main}
CRITICAL - 2021-07-18 07:51:10 --> Invalid file: Views/template/header/sidebar.php
#0 C:\Users\ASUS\Downloads\Compressed\framework-4.1.3\framework-4.1.3\system\View\View.php(213): CodeIgniter\Exceptions\FrameworkException::forInvalidFile('Views/template/...')
#1 C:\Users\ASUS\Downloads\Compressed\framework-4.1.3\framework-4.1.3\system\View\View.php(487): CodeIgniter\View\View->render('Views/template/...', NULL, true)
#2 C:\Users\ASUS\Downloads\Compressed\framework-4.1.3\framework-4.1.3\app\Views\template\sidebar.php(1): CodeIgniter\View\View->include('Views/template/...')
#3 C:\Users\ASUS\Downloads\Compressed\framework-4.1.3\framework-4.1.3\system\View\View.php(230): include('C:\\Users\\ASUS\\D...')
#4 C:\Users\ASUS\Downloads\Compressed\framework-4.1.3\framework-4.1.3\system\View\View.php(232): CodeIgniter\View\View->CodeIgniter\View\{closure}()
#5 C:\Users\ASUS\Downloads\Compressed\framework-4.1.3\framework-4.1.3\system\View\View.php(487): CodeIgniter\View\View->render('Views/template/...', NULL, true)
#6 C:\Users\ASUS\Downloads\Compressed\framework-4.1.3\framework-4.1.3\app\Views\data\user.php(13): CodeIgniter\View\View->include('Views/template/...')
#7 C:\Users\ASUS\Downloads\Compressed\framework-4.1.3\framework-4.1.3\system\View\View.php(230): include('C:\\Users\\ASUS\\D...')
#8 C:\Users\ASUS\Downloads\Compressed\framework-4.1.3\framework-4.1.3\system\View\View.php(232): CodeIgniter\View\View->CodeIgniter\View\{closure}()
#9 C:\Users\ASUS\Downloads\Compressed\framework-4.1.3\framework-4.1.3\system\Common.php(1271): CodeIgniter\View\View->render('data/user', Array, true)
#10 C:\Users\ASUS\Downloads\Compressed\framework-4.1.3\framework-4.1.3\app\Controllers\Data.php(9): view('data/user')
#11 C:\Users\ASUS\Downloads\Compressed\framework-4.1.3\framework-4.1.3\system\CodeIgniter.php(928): App\Controllers\Data->index()
#12 C:\Users\ASUS\Downloads\Compressed\framework-4.1.3\framework-4.1.3\system\CodeIgniter.php(436): CodeIgniter\CodeIgniter->runController(Object(App\Controllers\Data))
#13 C:\Users\ASUS\Downloads\Compressed\framework-4.1.3\framework-4.1.3\system\CodeIgniter.php(336): CodeIgniter\CodeIgniter->handleRequest(NULL, Object(Config\Cache), false)
#14 C:\Users\ASUS\Downloads\Compressed\framework-4.1.3\framework-4.1.3\public\index.php(37): CodeIgniter\CodeIgniter->run()
#15 C:\Users\ASUS\Downloads\Compressed\framework-4.1.3\framework-4.1.3\system\Commands\Server\rewrite.php(45): require_once('C:\\Users\\ASUS\\D...')
#16 {main}
CRITICAL - 2021-07-18 07:51:21 --> Invalid file: Views/template/header/sidebar.php
#0 C:\Users\ASUS\Downloads\Compressed\framework-4.1.3\framework-4.1.3\system\View\View.php(213): CodeIgniter\Exceptions\FrameworkException::forInvalidFile('Views/template/...')
#1 C:\Users\ASUS\Downloads\Compressed\framework-4.1.3\framework-4.1.3\system\View\View.php(487): CodeIgniter\View\View->render('Views/template/...', NULL, true)
#2 C:\Users\ASUS\Downloads\Compressed\framework-4.1.3\framework-4.1.3\app\Views\template\sidebar.php(1): CodeIgniter\View\View->include('Views/template/...')
#3 C:\Users\ASUS\Downloads\Compressed\framework-4.1.3\framework-4.1.3\system\View\View.php(230): include('C:\\Users\\ASUS\\D...')
#4 C:\Users\ASUS\Downloads\Compressed\framework-4.1.3\framework-4.1.3\system\View\View.php(232): CodeIgniter\View\View->CodeIgniter\View\{closure}()
#5 C:\Users\ASUS\Downloads\Compressed\framework-4.1.3\framework-4.1.3\system\View\View.php(487): CodeIgniter\View\View->render('Views/template/...', NULL, true)
#6 C:\Users\ASUS\Downloads\Compressed\framework-4.1.3\framework-4.1.3\app\Views\data\user.php(13): CodeIgniter\View\View->include('Views/template/...')
#7 C:\Users\ASUS\Downloads\Compressed\framework-4.1.3\framework-4.1.3\system\View\View.php(230): include('C:\\Users\\ASUS\\D...')
#8 C:\Users\ASUS\Downloads\Compressed\framework-4.1.3\framework-4.1.3\system\View\View.php(232): CodeIgniter\View\View->CodeIgniter\View\{closure}()
#9 C:\Users\ASUS\Downloads\Compressed\framework-4.1.3\framework-4.1.3\system\Common.php(1271): CodeIgniter\View\View->render('data/user', Array, true)
#10 C:\Users\ASUS\Downloads\Compressed\framework-4.1.3\framework-4.1.3\app\Controllers\Data.php(9): view('data/user')
#11 C:\Users\ASUS\Downloads\Compressed\framework-4.1.3\framework-4.1.3\system\CodeIgniter.php(928): App\Controllers\Data->index()
#12 C:\Users\ASUS\Downloads\Compressed\framework-4.1.3\framework-4.1.3\system\CodeIgniter.php(436): CodeIgniter\CodeIgniter->runController(Object(App\Controllers\Data))
#13 C:\Users\ASUS\Downloads\Compressed\framework-4.1.3\framework-4.1.3\system\CodeIgniter.php(336): CodeIgniter\CodeIgniter->handleRequest(NULL, Object(Config\Cache), false)
#14 C:\Users\ASUS\Downloads\Compressed\framework-4.1.3\framework-4.1.3\public\index.php(37): CodeIgniter\CodeIgniter->run()
#15 C:\Users\ASUS\Downloads\Compressed\framework-4.1.3\framework-4.1.3\system\Commands\Server\rewrite.php(45): require_once('C:\\Users\\ASUS\\D...')
#16 {main}
CRITICAL - 2021-07-18 07:51:24 --> Invalid file: Views/template/header/sidebar.php
#0 C:\Users\ASUS\Downloads\Compressed\framework-4.1.3\framework-4.1.3\system\View\View.php(213): CodeIgniter\Exceptions\FrameworkException::forInvalidFile('Views/template/...')
#1 C:\Users\ASUS\Downloads\Compressed\framework-4.1.3\framework-4.1.3\system\View\View.php(487): CodeIgniter\View\View->render('Views/template/...', NULL, true)
#2 C:\Users\ASUS\Downloads\Compressed\framework-4.1.3\framework-4.1.3\app\Views\template\sidebar.php(1): CodeIgniter\View\View->include('Views/template/...')
#3 C:\Users\ASUS\Downloads\Compressed\framework-4.1.3\framework-4.1.3\system\View\View.php(230): include('C:\\Users\\ASUS\\D...')
#4 C:\Users\ASUS\Downloads\Compressed\framework-4.1.3\framework-4.1.3\system\View\View.php(232): CodeIgniter\View\View->CodeIgniter\View\{closure}()
#5 C:\Users\ASUS\Downloads\Compressed\framework-4.1.3\framework-4.1.3\system\View\View.php(487): CodeIgniter\View\View->render('Views/template/...', NULL, true)
#6 C:\Users\ASUS\Downloads\Compressed\framework-4.1.3\framework-4.1.3\app\Views\chat\index.php(13): CodeIgniter\View\View->include('Views/template/...')
#7 C:\Users\ASUS\Downloads\Compressed\framework-4.1.3\framework-4.1.3\system\View\View.php(230): include('C:\\Users\\ASUS\\D...')
#8 C:\Users\ASUS\Downloads\Compressed\framework-4.1.3\framework-4.1.3\system\View\View.php(232): CodeIgniter\View\View->CodeIgniter\View\{closure}()
#9 C:\Users\ASUS\Downloads\Compressed\framework-4.1.3\framework-4.1.3\system\Common.php(1271): CodeIgniter\View\View->render('chat/index', Array, true)
#10 C:\Users\ASUS\Downloads\Compressed\framework-4.1.3\framework-4.1.3\app\Controllers\Chat.php(9): view('chat/index')
#11 C:\Users\ASUS\Downloads\Compressed\framework-4.1.3\framework-4.1.3\system\CodeIgniter.php(928): App\Controllers\Chat->index()
#12 C:\Users\ASUS\Downloads\Compressed\framework-4.1.3\framework-4.1.3\system\CodeIgniter.php(436): CodeIgniter\CodeIgniter->runController(Object(App\Controllers\Chat))
#13 C:\Users\ASUS\Downloads\Compressed\framework-4.1.3\framework-4.1.3\system\CodeIgniter.php(336): CodeIgniter\CodeIgniter->handleRequest(NULL, Object(Config\Cache), false)
#14 C:\Users\ASUS\Downloads\Compressed\framework-4.1.3\framework-4.1.3\public\index.php(37): CodeIgniter\CodeIgniter->run()
#15 C:\Users\ASUS\Downloads\Compressed\framework-4.1.3\framework-4.1.3\system\Commands\Server\rewrite.php(45): require_once('C:\\Users\\ASUS\\D...')
#16 {main}
CRITICAL - 2021-07-18 07:51:41 --> Invalid file: Views/template/header/sidebar.php
#0 C:\Users\ASUS\Downloads\Compressed\framework-4.1.3\framework-4.1.3\system\View\View.php(213): CodeIgniter\Exceptions\FrameworkException::forInvalidFile('Views/template/...')
#1 C:\Users\ASUS\Downloads\Compressed\framework-4.1.3\framework-4.1.3\system\View\View.php(487): CodeIgniter\View\View->render('Views/template/...', NULL, true)
#2 C:\Users\ASUS\Downloads\Compressed\framework-4.1.3\framework-4.1.3\app\Views\template\sidebar.php(1): CodeIgniter\View\View->include('Views/template/...')
#3 C:\Users\ASUS\Downloads\Compressed\framework-4.1.3\framework-4.1.3\system\View\View.php(230): include('C:\\Users\\ASUS\\D...')
#4 C:\Users\ASUS\Downloads\Compressed\framework-4.1.3\framework-4.1.3\system\View\View.php(232): CodeIgniter\View\View->CodeIgniter\View\{closure}()
#5 C:\Users\ASUS\Downloads\Compressed\framework-4.1.3\framework-4.1.3\system\View\View.php(487): CodeIgniter\View\View->render('Views/template/...', NULL, true)
#6 C:\Users\ASUS\Downloads\Compressed\framework-4.1.3\framework-4.1.3\app\Views\chat\index.php(13): CodeIgniter\View\View->include('Views/template/...')
#7 C:\Users\ASUS\Downloads\Compressed\framework-4.1.3\framework-4.1.3\system\View\View.php(230): include('C:\\Users\\ASUS\\D...')
#8 C:\Users\ASUS\Downloads\Compressed\framework-4.1.3\framework-4.1.3\system\View\View.php(232): CodeIgniter\View\View->CodeIgniter\View\{closure}()
#9 C:\Users\ASUS\Downloads\Compressed\framework-4.1.3\framework-4.1.3\system\Common.php(1271): CodeIgniter\View\View->render('chat/index', Array, true)
#10 C:\Users\ASUS\Downloads\Compressed\framework-4.1.3\framework-4.1.3\app\Controllers\Chat.php(9): view('chat/index')
#11 C:\Users\ASUS\Downloads\Compressed\framework-4.1.3\framework-4.1.3\system\CodeIgniter.php(928): App\Controllers\Chat->index()
#12 C:\Users\ASUS\Downloads\Compressed\framework-4.1.3\framework-4.1.3\system\CodeIgniter.php(436): CodeIgniter\CodeIgniter->runController(Object(App\Controllers\Chat))
#13 C:\Users\ASUS\Downloads\Compressed\framework-4.1.3\framework-4.1.3\system\CodeIgniter.php(336): CodeIgniter\CodeIgniter->handleRequest(NULL, Object(Config\Cache), false)
#14 C:\Users\ASUS\Downloads\Compressed\framework-4.1.3\framework-4.1.3\public\index.php(37): CodeIgniter\CodeIgniter->run()
#15 C:\Users\ASUS\Downloads\Compressed\framework-4.1.3\framework-4.1.3\system\Commands\Server\rewrite.php(45): require_once('C:\\Users\\ASUS\\D...')
#16 {main}
