CRITICAL - 2021-07-19 03:01:16 --> Invalid file: view/data/from.php
#0 C:\Users\ASUS\Downloads\Compressed\framework-4.1.3\framework-4.1.3\system\View\View.php(213): CodeIgniter\Exceptions\FrameworkException::forInvalidFile('view/data/from....')
#1 C:\Users\ASUS\Downloads\Compressed\framework-4.1.3\framework-4.1.3\system\View\View.php(487): CodeIgniter\View\View->render('view/data/from', NULL, true)
#2 C:\Users\ASUS\Downloads\Compressed\framework-4.1.3\framework-4.1.3\app\Views\data\user.php(16): CodeIgniter\View\View->include('view/data/from')
#3 C:\Users\ASUS\Downloads\Compressed\framework-4.1.3\framework-4.1.3\system\View\View.php(230): include('C:\\Users\\ASUS\\D...')
#4 C:\Users\ASUS\Downloads\Compressed\framework-4.1.3\framework-4.1.3\system\View\View.php(232): CodeIgniter\View\View->CodeIgniter\View\{closure}()
#5 C:\Users\ASUS\Downloads\Compressed\framework-4.1.3\framework-4.1.3\system\Common.php(1271): CodeIgniter\View\View->render('data/user', Array, true)
#6 C:\Users\ASUS\Downloads\Compressed\framework-4.1.3\framework-4.1.3\app\Controllers\Data.php(9): view('data/user')
#7 C:\Users\ASUS\Downloads\Compressed\framework-4.1.3\framework-4.1.3\system\CodeIgniter.php(928): App\Controllers\Data->user()
#8 C:\Users\ASUS\Downloads\Compressed\framework-4.1.3\framework-4.1.3\system\CodeIgniter.php(436): CodeIgniter\CodeIgniter->runController(Object(App\Controllers\Data))
#9 C:\Users\ASUS\Downloads\Compressed\framework-4.1.3\framework-4.1.3\system\CodeIgniter.php(336): CodeIgniter\CodeIgniter->handleRequest(NULL, Object(Config\Cache), false)
#10 C:\Users\ASUS\Downloads\Compressed\framework-4.1.3\framework-4.1.3\public\index.php(37): CodeIgniter\CodeIgniter->run()
#11 C:\Users\ASUS\Downloads\Compressed\framework-4.1.3\framework-4.1.3\system\Commands\Server\rewrite.php(45): require_once('C:\\Users\\ASUS\\D...')
#12 {main}
CRITICAL - 2021-07-19 03:01:19 --> Invalid file: view/data/from.php
#0 C:\Users\ASUS\Downloads\Compressed\framework-4.1.3\framework-4.1.3\system\View\View.php(213): CodeIgniter\Exceptions\FrameworkException::forInvalidFile('view/data/from....')
#1 C:\Users\ASUS\Downloads\Compressed\framework-4.1.3\framework-4.1.3\system\View\View.php(487): CodeIgniter\View\View->render('view/data/from', NULL, true)
#2 C:\Users\ASUS\Downloads\Compressed\framework-4.1.3\framework-4.1.3\app\Views\data\user.php(16): CodeIgniter\View\View->include('view/data/from')
#3 C:\Users\ASUS\Downloads\Compressed\framework-4.1.3\framework-4.1.3\system\View\View.php(230): include('C:\\Users\\ASUS\\D...')
#4 C:\Users\ASUS\Downloads\Compressed\framework-4.1.3\framework-4.1.3\system\View\View.php(232): CodeIgniter\View\View->CodeIgniter\View\{closure}()
#5 C:\Users\ASUS\Downloads\Compressed\framework-4.1.3\framework-4.1.3\system\Common.php(1271): CodeIgniter\View\View->render('data/user', Array, true)
#6 C:\Users\ASUS\Downloads\Compressed\framework-4.1.3\framework-4.1.3\app\Controllers\Data.php(9): view('data/user')
#7 C:\Users\ASUS\Downloads\Compressed\framework-4.1.3\framework-4.1.3\system\CodeIgniter.php(928): App\Controllers\Data->user()
#8 C:\Users\ASUS\Downloads\Compressed\framework-4.1.3\framework-4.1.3\system\CodeIgniter.php(436): CodeIgniter\CodeIgniter->runController(Object(App\Controllers\Data))
#9 C:\Users\ASUS\Downloads\Compressed\framework-4.1.3\framework-4.1.3\system\CodeIgniter.php(336): CodeIgniter\CodeIgniter->handleRequest(NULL, Object(Config\Cache), false)
#10 C:\Users\ASUS\Downloads\Compressed\framework-4.1.3\framework-4.1.3\public\index.php(37): CodeIgniter\CodeIgniter->run()
#11 C:\Users\ASUS\Downloads\Compressed\framework-4.1.3\framework-4.1.3\system\Commands\Server\rewrite.php(45): require_once('C:\\Users\\ASUS\\D...')
#12 {main}
CRITICAL - 2021-07-19 03:01:29 --> Invalid file: view/data/from.php
#0 C:\Users\ASUS\Downloads\Compressed\framework-4.1.3\framework-4.1.3\system\View\View.php(213): CodeIgniter\Exceptions\FrameworkException::forInvalidFile('view/data/from....')
#1 C:\Users\ASUS\Downloads\Compressed\framework-4.1.3\framework-4.1.3\system\View\View.php(487): CodeIgniter\View\View->render('view/data/from', NULL, true)
#2 C:\Users\ASUS\Downloads\Compressed\framework-4.1.3\framework-4.1.3\app\Views\data\user.php(16): CodeIgniter\View\View->include('view/data/from')
#3 C:\Users\ASUS\Downloads\Compressed\framework-4.1.3\framework-4.1.3\system\View\View.php(230): include('C:\\Users\\ASUS\\D...')
#4 C:\Users\ASUS\Downloads\Compressed\framework-4.1.3\framework-4.1.3\system\View\View.php(232): CodeIgniter\View\View->CodeIgniter\View\{closure}()
#5 C:\Users\ASUS\Downloads\Compressed\framework-4.1.3\framework-4.1.3\system\Common.php(1271): CodeIgniter\View\View->render('data/user', Array, true)
#6 C:\Users\ASUS\Downloads\Compressed\framework-4.1.3\framework-4.1.3\app\Controllers\Data.php(9): view('data/user')
#7 C:\Users\ASUS\Downloads\Compressed\framework-4.1.3\framework-4.1.3\system\CodeIgniter.php(928): App\Controllers\Data->user()
#8 C:\Users\ASUS\Downloads\Compressed\framework-4.1.3\framework-4.1.3\system\CodeIgniter.php(436): CodeIgniter\CodeIgniter->runController(Object(App\Controllers\Data))
#9 C:\Users\ASUS\Downloads\Compressed\framework-4.1.3\framework-4.1.3\system\CodeIgniter.php(336): CodeIgniter\CodeIgniter->handleRequest(NULL, Object(Config\Cache), false)
#10 C:\Users\ASUS\Downloads\Compressed\framework-4.1.3\framework-4.1.3\public\index.php(37): CodeIgniter\CodeIgniter->run()
#11 C:\Users\ASUS\Downloads\Compressed\framework-4.1.3\framework-4.1.3\system\Commands\Server\rewrite.php(45): require_once('C:\\Users\\ASUS\\D...')
#12 {main}
