CRITICAL - 2021-07-21 02:05:13 --> mysqli_connect(): (HY000/2002): No connection could be made because the target machine actively refused it.

#0 [internal function]: CodeIgniter\Debug\Exceptions->errorHandler(2, 'mysqli_connect(...', 'C:\\Users\\ASUS\\D...', 12, Array)
#1 C:\Users\ASUS\Downloads\Compressed\framework-4.1.3\framework-4.1.3\app\Views\data\config.php(12): mysqli_connect('localhost', 'root', '', 'crm')
#2 C:\Users\ASUS\Downloads\Compressed\framework-4.1.3\framework-4.1.3\app\Views\data\index.php(3): include_once('C:\\Users\\ASUS\\D...')
#3 C:\Users\ASUS\Downloads\Compressed\framework-4.1.3\framework-4.1.3\system\View\View.php(230): include('C:\\Users\\ASUS\\D...')
#4 C:\Users\ASUS\Downloads\Compressed\framework-4.1.3\framework-4.1.3\system\View\View.php(232): CodeIgniter\View\View->CodeIgniter\View\{closure}()
#5 C:\Users\ASUS\Downloads\Compressed\framework-4.1.3\framework-4.1.3\system\Common.php(1271): CodeIgniter\View\View->render('data/index', Array, true)
#6 C:\Users\ASUS\Downloads\Compressed\framework-4.1.3\framework-4.1.3\app\Controllers\Data.php(9): view('data/index')
#7 C:\Users\ASUS\Downloads\Compressed\framework-4.1.3\framework-4.1.3\system\CodeIgniter.php(928): App\Controllers\Data->index()
#8 C:\Users\ASUS\Downloads\Compressed\framework-4.1.3\framework-4.1.3\system\CodeIgniter.php(436): CodeIgniter\CodeIgniter->runController(Object(App\Controllers\Data))
#9 C:\Users\ASUS\Downloads\Compressed\framework-4.1.3\framework-4.1.3\system\CodeIgniter.php(336): CodeIgniter\CodeIgniter->handleRequest(NULL, Object(Config\Cache), false)
#10 C:\Users\ASUS\Downloads\Compressed\framework-4.1.3\framework-4.1.3\public\index.php(37): CodeIgniter\CodeIgniter->run()
#11 C:\Users\ASUS\Downloads\Compressed\framework-4.1.3\framework-4.1.3\system\Commands\Server\rewrite.php(45): require_once('C:\\Users\\ASUS\\D...')
#12 {main}
CRITICAL - 2021-07-21 02:05:45 --> mysqli_connect(): (HY000/2002): No connection could be made because the target machine actively refused it.

#0 [internal function]: CodeIgniter\Debug\Exceptions->errorHandler(2, 'mysqli_connect(...', 'C:\\Users\\ASUS\\D...', 12, Array)
#1 C:\Users\ASUS\Downloads\Compressed\framework-4.1.3\framework-4.1.3\app\Views\data\config.php(12): mysqli_connect('localhost', 'root', '', 'crm')
#2 C:\Users\ASUS\Downloads\Compressed\framework-4.1.3\framework-4.1.3\app\Views\data\index.php(3): include_once('C:\\Users\\ASUS\\D...')
#3 C:\Users\ASUS\Downloads\Compressed\framework-4.1.3\framework-4.1.3\system\View\View.php(230): include('C:\\Users\\ASUS\\D...')
#4 C:\Users\ASUS\Downloads\Compressed\framework-4.1.3\framework-4.1.3\system\View\View.php(232): CodeIgniter\View\View->CodeIgniter\View\{closure}()
#5 C:\Users\ASUS\Downloads\Compressed\framework-4.1.3\framework-4.1.3\system\Common.php(1271): CodeIgniter\View\View->render('data/index', Array, true)
#6 C:\Users\ASUS\Downloads\Compressed\framework-4.1.3\framework-4.1.3\app\Controllers\Data.php(9): view('data/index')
#7 C:\Users\ASUS\Downloads\Compressed\framework-4.1.3\framework-4.1.3\system\CodeIgniter.php(928): App\Controllers\Data->index()
#8 C:\Users\ASUS\Downloads\Compressed\framework-4.1.3\framework-4.1.3\system\CodeIgniter.php(436): CodeIgniter\CodeIgniter->runController(Object(App\Controllers\Data))
#9 C:\Users\ASUS\Downloads\Compressed\framework-4.1.3\framework-4.1.3\system\CodeIgniter.php(336): CodeIgniter\CodeIgniter->handleRequest(NULL, Object(Config\Cache), false)
#10 C:\Users\ASUS\Downloads\Compressed\framework-4.1.3\framework-4.1.3\public\index.php(37): CodeIgniter\CodeIgniter->run()
#11 C:\Users\ASUS\Downloads\Compressed\framework-4.1.3\framework-4.1.3\system\Commands\Server\rewrite.php(45): require_once('C:\\Users\\ASUS\\D...')
#12 {main}
CRITICAL - 2021-07-21 03:08:37 --> mysqli_connect(): (HY000/2002): No connection could be made because the target machine actively refused it.

#0 [internal function]: CodeIgniter\Debug\Exceptions->errorHandler(2, 'mysqli_connect(...', 'C:\\Users\\ASUS\\D...', 12, Array)
#1 C:\Users\ASUS\Downloads\Compressed\framework-4.1.3\framework-4.1.3\app\Views\data\config.php(12): mysqli_connect('localhost', 'root', '', 'crm')
#2 C:\Users\ASUS\Downloads\Compressed\framework-4.1.3\framework-4.1.3\app\Views\data\index.php(3): include_once('C:\\Users\\ASUS\\D...')
#3 C:\Users\ASUS\Downloads\Compressed\framework-4.1.3\framework-4.1.3\system\View\View.php(230): include('C:\\Users\\ASUS\\D...')
#4 C:\Users\ASUS\Downloads\Compressed\framework-4.1.3\framework-4.1.3\system\View\View.php(232): CodeIgniter\View\View->CodeIgniter\View\{closure}()
#5 C:\Users\ASUS\Downloads\Compressed\framework-4.1.3\framework-4.1.3\system\Common.php(1271): CodeIgniter\View\View->render('data/index', Array, true)
#6 C:\Users\ASUS\Downloads\Compressed\framework-4.1.3\framework-4.1.3\app\Controllers\Data.php(9): view('data/index')
#7 C:\Users\ASUS\Downloads\Compressed\framework-4.1.3\framework-4.1.3\system\CodeIgniter.php(928): App\Controllers\Data->index()
#8 C:\Users\ASUS\Downloads\Compressed\framework-4.1.3\framework-4.1.3\system\CodeIgniter.php(436): CodeIgniter\CodeIgniter->runController(Object(App\Controllers\Data))
#9 C:\Users\ASUS\Downloads\Compressed\framework-4.1.3\framework-4.1.3\system\CodeIgniter.php(336): CodeIgniter\CodeIgniter->handleRequest(NULL, Object(Config\Cache), false)
#10 C:\Users\ASUS\Downloads\Compressed\framework-4.1.3\framework-4.1.3\public\index.php(37): CodeIgniter\CodeIgniter->run()
#11 C:\Users\ASUS\Downloads\Compressed\framework-4.1.3\framework-4.1.3\system\Commands\Server\rewrite.php(45): require_once('C:\\Users\\ASUS\\D...')
#12 {main}
CRITICAL - 2021-07-21 03:10:49 --> mysqli_connect(): (HY000/2002): No connection could be made because the target machine actively refused it.

#0 [internal function]: CodeIgniter\Debug\Exceptions->errorHandler(2, 'mysqli_connect(...', 'C:\\Users\\ASUS\\D...', 12, Array)
#1 C:\Users\ASUS\Downloads\Compressed\framework-4.1.3\framework-4.1.3\app\Views\data\config.php(12): mysqli_connect('localhost', 'root', '', 'crm')
#2 C:\Users\ASUS\Downloads\Compressed\framework-4.1.3\framework-4.1.3\app\Views\data\index.php(3): include_once('C:\\Users\\ASUS\\D...')
#3 C:\Users\ASUS\Downloads\Compressed\framework-4.1.3\framework-4.1.3\system\View\View.php(230): include('C:\\Users\\ASUS\\D...')
#4 C:\Users\ASUS\Downloads\Compressed\framework-4.1.3\framework-4.1.3\system\View\View.php(232): CodeIgniter\View\View->CodeIgniter\View\{closure}()
#5 C:\Users\ASUS\Downloads\Compressed\framework-4.1.3\framework-4.1.3\system\Common.php(1271): CodeIgniter\View\View->render('data/index', Array, true)
#6 C:\Users\ASUS\Downloads\Compressed\framework-4.1.3\framework-4.1.3\app\Controllers\Data.php(9): view('data/index')
#7 C:\Users\ASUS\Downloads\Compressed\framework-4.1.3\framework-4.1.3\system\CodeIgniter.php(928): App\Controllers\Data->index()
#8 C:\Users\ASUS\Downloads\Compressed\framework-4.1.3\framework-4.1.3\system\CodeIgniter.php(436): CodeIgniter\CodeIgniter->runController(Object(App\Controllers\Data))
#9 C:\Users\ASUS\Downloads\Compressed\framework-4.1.3\framework-4.1.3\system\CodeIgniter.php(336): CodeIgniter\CodeIgniter->handleRequest(NULL, Object(Config\Cache), false)
#10 C:\Users\ASUS\Downloads\Compressed\framework-4.1.3\framework-4.1.3\public\index.php(37): CodeIgniter\CodeIgniter->run()
#11 C:\Users\ASUS\Downloads\Compressed\framework-4.1.3\framework-4.1.3\system\Commands\Server\rewrite.php(45): require_once('C:\\Users\\ASUS\\D...')
#12 {main}
CRITICAL - 2021-07-21 03:11:37 --> mysqli_connect(): (HY000/2002): No connection could be made because the target machine actively refused it.

#0 [internal function]: CodeIgniter\Debug\Exceptions->errorHandler(2, 'mysqli_connect(...', 'C:\\Users\\ASUS\\D...', 12, Array)
#1 C:\Users\ASUS\Downloads\Compressed\framework-4.1.3\framework-4.1.3\app\Views\data\config.php(12): mysqli_connect('localhost', 'root', '', 'crm')
#2 C:\Users\ASUS\Downloads\Compressed\framework-4.1.3\framework-4.1.3\app\Views\data\index.php(3): include_once('C:\\Users\\ASUS\\D...')
#3 C:\Users\ASUS\Downloads\Compressed\framework-4.1.3\framework-4.1.3\system\View\View.php(230): include('C:\\Users\\ASUS\\D...')
#4 C:\Users\ASUS\Downloads\Compressed\framework-4.1.3\framework-4.1.3\system\View\View.php(232): CodeIgniter\View\View->CodeIgniter\View\{closure}()
#5 C:\Users\ASUS\Downloads\Compressed\framework-4.1.3\framework-4.1.3\system\Common.php(1271): CodeIgniter\View\View->render('data/index', Array, true)
#6 C:\Users\ASUS\Downloads\Compressed\framework-4.1.3\framework-4.1.3\app\Controllers\Data.php(9): view('data/index')
#7 C:\Users\ASUS\Downloads\Compressed\framework-4.1.3\framework-4.1.3\system\CodeIgniter.php(928): App\Controllers\Data->index()
#8 C:\Users\ASUS\Downloads\Compressed\framework-4.1.3\framework-4.1.3\system\CodeIgniter.php(436): CodeIgniter\CodeIgniter->runController(Object(App\Controllers\Data))
#9 C:\Users\ASUS\Downloads\Compressed\framework-4.1.3\framework-4.1.3\system\CodeIgniter.php(336): CodeIgniter\CodeIgniter->handleRequest(NULL, Object(Config\Cache), false)
#10 C:\Users\ASUS\Downloads\Compressed\framework-4.1.3\framework-4.1.3\public\index.php(37): CodeIgniter\CodeIgniter->run()
#11 C:\Users\ASUS\Downloads\Compressed\framework-4.1.3\framework-4.1.3\system\Commands\Server\rewrite.php(45): require_once('C:\\Users\\ASUS\\D...')
#12 {main}
CRITICAL - 2021-07-21 03:57:04 --> mysqli_connect(): (HY000/2002): No connection could be made because the target machine actively refused it.

#0 [internal function]: CodeIgniter\Debug\Exceptions->errorHandler(2, 'mysqli_connect(...', 'C:\\Users\\ASUS\\D...', 12, Array)
#1 C:\Users\ASUS\Downloads\Compressed\framework-4.1.3\framework-4.1.3\app\Views\data\config.php(12): mysqli_connect('localhost', 'root', '', 'crm')
#2 C:\Users\ASUS\Downloads\Compressed\framework-4.1.3\framework-4.1.3\app\Views\data\index.php(3): include_once('C:\\Users\\ASUS\\D...')
#3 C:\Users\ASUS\Downloads\Compressed\framework-4.1.3\framework-4.1.3\system\View\View.php(230): include('C:\\Users\\ASUS\\D...')
#4 C:\Users\ASUS\Downloads\Compressed\framework-4.1.3\framework-4.1.3\system\View\View.php(232): CodeIgniter\View\View->CodeIgniter\View\{closure}()
#5 C:\Users\ASUS\Downloads\Compressed\framework-4.1.3\framework-4.1.3\system\Common.php(1271): CodeIgniter\View\View->render('data/index', Array, true)
#6 C:\Users\ASUS\Downloads\Compressed\framework-4.1.3\framework-4.1.3\app\Controllers\Data.php(9): view('data/index')
#7 C:\Users\ASUS\Downloads\Compressed\framework-4.1.3\framework-4.1.3\system\CodeIgniter.php(928): App\Controllers\Data->index()
#8 C:\Users\ASUS\Downloads\Compressed\framework-4.1.3\framework-4.1.3\system\CodeIgniter.php(436): CodeIgniter\CodeIgniter->runController(Object(App\Controllers\Data))
#9 C:\Users\ASUS\Downloads\Compressed\framework-4.1.3\framework-4.1.3\system\CodeIgniter.php(336): CodeIgniter\CodeIgniter->handleRequest(NULL, Object(Config\Cache), false)
#10 C:\Users\ASUS\Downloads\Compressed\framework-4.1.3\framework-4.1.3\public\index.php(37): CodeIgniter\CodeIgniter->run()
#11 C:\Users\ASUS\Downloads\Compressed\framework-4.1.3\framework-4.1.3\system\Commands\Server\rewrite.php(45): require_once('C:\\Users\\ASUS\\D...')
#12 {main}
CRITICAL - 2021-07-21 04:05:02 --> mysqli_connect(): (HY000/2002): No connection could be made because the target machine actively refused it.

#0 [internal function]: CodeIgniter\Debug\Exceptions->errorHandler(2, 'mysqli_connect(...', 'C:\\Users\\ASUS\\D...', 12, Array)
#1 C:\Users\ASUS\Downloads\Compressed\framework-4.1.3\framework-4.1.3\app\Views\data\config.php(12): mysqli_connect('localhost', 'root', '', 'crm')
#2 C:\Users\ASUS\Downloads\Compressed\framework-4.1.3\framework-4.1.3\app\Views\data\index.php(4): include_once('C:\\Users\\ASUS\\D...')
#3 C:\Users\ASUS\Downloads\Compressed\framework-4.1.3\framework-4.1.3\system\View\View.php(230): include('C:\\Users\\ASUS\\D...')
#4 C:\Users\ASUS\Downloads\Compressed\framework-4.1.3\framework-4.1.3\system\View\View.php(232): CodeIgniter\View\View->CodeIgniter\View\{closure}()
#5 C:\Users\ASUS\Downloads\Compressed\framework-4.1.3\framework-4.1.3\system\Common.php(1271): CodeIgniter\View\View->render('data/index', Array, true)
#6 C:\Users\ASUS\Downloads\Compressed\framework-4.1.3\framework-4.1.3\app\Controllers\Data.php(9): view('data/index')
#7 C:\Users\ASUS\Downloads\Compressed\framework-4.1.3\framework-4.1.3\system\CodeIgniter.php(928): App\Controllers\Data->index()
#8 C:\Users\ASUS\Downloads\Compressed\framework-4.1.3\framework-4.1.3\system\CodeIgniter.php(436): CodeIgniter\CodeIgniter->runController(Object(App\Controllers\Data))
#9 C:\Users\ASUS\Downloads\Compressed\framework-4.1.3\framework-4.1.3\system\CodeIgniter.php(336): CodeIgniter\CodeIgniter->handleRequest(NULL, Object(Config\Cache), false)
#10 C:\Users\ASUS\Downloads\Compressed\framework-4.1.3\framework-4.1.3\public\index.php(37): CodeIgniter\CodeIgniter->run()
#11 C:\Users\ASUS\Downloads\Compressed\framework-4.1.3\framework-4.1.3\system\Commands\Server\rewrite.php(45): require_once('C:\\Users\\ASUS\\D...')
#12 {main}
CRITICAL - 2021-07-21 04:05:14 --> mysqli_connect(): (HY000/2002): No connection could be made because the target machine actively refused it.

#0 [internal function]: CodeIgniter\Debug\Exceptions->errorHandler(2, 'mysqli_connect(...', 'C:\\Users\\ASUS\\D...', 12, Array)
#1 C:\Users\ASUS\Downloads\Compressed\framework-4.1.3\framework-4.1.3\app\Views\data\config.php(12): mysqli_connect('localhost', 'root', '', 'crm')
#2 C:\Users\ASUS\Downloads\Compressed\framework-4.1.3\framework-4.1.3\app\Views\data\index.php(4): include_once('C:\\Users\\ASUS\\D...')
#3 C:\Users\ASUS\Downloads\Compressed\framework-4.1.3\framework-4.1.3\system\View\View.php(230): include('C:\\Users\\ASUS\\D...')
#4 C:\Users\ASUS\Downloads\Compressed\framework-4.1.3\framework-4.1.3\system\View\View.php(232): CodeIgniter\View\View->CodeIgniter\View\{closure}()
#5 C:\Users\ASUS\Downloads\Compressed\framework-4.1.3\framework-4.1.3\system\Common.php(1271): CodeIgniter\View\View->render('data/index', Array, true)
#6 C:\Users\ASUS\Downloads\Compressed\framework-4.1.3\framework-4.1.3\app\Controllers\Data.php(9): view('data/index')
#7 C:\Users\ASUS\Downloads\Compressed\framework-4.1.3\framework-4.1.3\system\CodeIgniter.php(928): App\Controllers\Data->index()
#8 C:\Users\ASUS\Downloads\Compressed\framework-4.1.3\framework-4.1.3\system\CodeIgniter.php(436): CodeIgniter\CodeIgniter->runController(Object(App\Controllers\Data))
#9 C:\Users\ASUS\Downloads\Compressed\framework-4.1.3\framework-4.1.3\system\CodeIgniter.php(336): CodeIgniter\CodeIgniter->handleRequest(NULL, Object(Config\Cache), false)
#10 C:\Users\ASUS\Downloads\Compressed\framework-4.1.3\framework-4.1.3\public\index.php(37): CodeIgniter\CodeIgniter->run()
#11 C:\Users\ASUS\Downloads\Compressed\framework-4.1.3\framework-4.1.3\system\Commands\Server\rewrite.php(45): require_once('C:\\Users\\ASUS\\D...')
#12 {main}
CRITICAL - 2021-07-21 04:05:28 --> mysqli_connect(): (HY000/2002): No connection could be made because the target machine actively refused it.

#0 [internal function]: CodeIgniter\Debug\Exceptions->errorHandler(2, 'mysqli_connect(...', 'C:\\Users\\ASUS\\D...', 12, Array)
#1 C:\Users\ASUS\Downloads\Compressed\framework-4.1.3\framework-4.1.3\app\Views\data\config.php(12): mysqli_connect('localhost', 'root', '', 'crm')
#2 C:\Users\ASUS\Downloads\Compressed\framework-4.1.3\framework-4.1.3\app\Views\data\index.php(4): include_once('C:\\Users\\ASUS\\D...')
#3 C:\Users\ASUS\Downloads\Compressed\framework-4.1.3\framework-4.1.3\system\View\View.php(230): include('C:\\Users\\ASUS\\D...')
#4 C:\Users\ASUS\Downloads\Compressed\framework-4.1.3\framework-4.1.3\system\View\View.php(232): CodeIgniter\View\View->CodeIgniter\View\{closure}()
#5 C:\Users\ASUS\Downloads\Compressed\framework-4.1.3\framework-4.1.3\system\Common.php(1271): CodeIgniter\View\View->render('data/index', Array, true)
#6 C:\Users\ASUS\Downloads\Compressed\framework-4.1.3\framework-4.1.3\app\Controllers\Data.php(9): view('data/index')
#7 C:\Users\ASUS\Downloads\Compressed\framework-4.1.3\framework-4.1.3\system\CodeIgniter.php(928): App\Controllers\Data->index()
#8 C:\Users\ASUS\Downloads\Compressed\framework-4.1.3\framework-4.1.3\system\CodeIgniter.php(436): CodeIgniter\CodeIgniter->runController(Object(App\Controllers\Data))
#9 C:\Users\ASUS\Downloads\Compressed\framework-4.1.3\framework-4.1.3\system\CodeIgniter.php(336): CodeIgniter\CodeIgniter->handleRequest(NULL, Object(Config\Cache), false)
#10 C:\Users\ASUS\Downloads\Compressed\framework-4.1.3\framework-4.1.3\public\index.php(37): CodeIgniter\CodeIgniter->run()
#11 C:\Users\ASUS\Downloads\Compressed\framework-4.1.3\framework-4.1.3\system\Commands\Server\rewrite.php(45): require_once('C:\\Users\\ASUS\\D...')
#12 {main}
